d:\chessprogrammvstd\chessprogrammvstd\debug\chessprogrammvstd.pch
d:\chessprogrammvstd\chessprogrammvstd\debug\vc141.pdb
d:\chessprogrammvstd\chessprogrammvstd\debug\vc141.idb
d:\chessprogrammvstd\chessprogrammvstd\debug\stdafx.obj
d:\chessprogrammvstd\chessprogrammvstd\debug\bishop.obj
d:\chessprogrammvstd\chessprogrammvstd\debug\chessprogrammvstd.obj
d:\chessprogrammvstd\chessprogrammvstd\debug\king.obj
d:\chessprogrammvstd\chessprogrammvstd\debug\knight.obj
d:\chessprogrammvstd\chessprogrammvstd\debug\pawn.obj
d:\chessprogrammvstd\chessprogrammvstd\debug\piece.obj
d:\chessprogrammvstd\chessprogrammvstd\debug\queen.obj
d:\chessprogrammvstd\chessprogrammvstd\debug\rook.obj
d:\chessprogrammvstd\chessprogrammvstd\debug\rules.obj
d:\chessprogrammvstd\chessprogrammvstd\debug\chessboard.obj
d:\chessprogrammvstd\chessprogrammvstd\debug\gamecontroller.obj
d:\chessprogrammvstd\debug\chessprogrammvstd.exe
d:\chessprogrammvstd\debug\chessprogrammvstd.ilk
d:\chessprogrammvstd\debug\chessprogrammvstd.pdb
d:\chessprogrammvstd\chessprogrammvstd\debug\chesspro.9cd82e3b.tlog\cl.command.1.tlog
d:\chessprogrammvstd\chessprogrammvstd\debug\chesspro.9cd82e3b.tlog\cl.read.1.tlog
d:\chessprogrammvstd\chessprogrammvstd\debug\chesspro.9cd82e3b.tlog\cl.write.1.tlog
d:\chessprogrammvstd\chessprogrammvstd\debug\chesspro.9cd82e3b.tlog\link.command.1.tlog
d:\chessprogrammvstd\chessprogrammvstd\debug\chesspro.9cd82e3b.tlog\link.read.1.tlog
d:\chessprogrammvstd\chessprogrammvstd\debug\chesspro.9cd82e3b.tlog\link.write.1.tlog
